[33ms,n,t: aybabtu 7 #a#y#b#a#b#t#u# [00m
[33mi: 1 [00m
              p                                              
  0   1   2   3   4   5   6   7   8   9  10  11  12  13  14  
  1   2   1   1   1   1   1   1   1   1   1   1   1   1   1  
  #   a   #   y   #   b   #   a   #   b   #   t   #   u   #  
== 
[33mi: 2 [00m
              p                                              
  0   1   2   3   4   5   6   7   8   9  10  11  12  13  14  
  1   2   1   1   1   1   1   1   1   1   1   1   1   1   1  
  #   a   #   y   #   b   #   a   #   b   #   t   #   u   #  
== 
[33mi: 3 [00m
                      p                                      
  0   1   2   3   4   5   6   7   8   9  10  11  12  13  14  
  1   2   1   2   1   1   1   1   1   1   1   1   1   1   1  
  #   a   #   y   #   b   #   a   #   b   #   t   #   u   #  
== 
[33mi: 4 [00m
                      p                                      
  0   1   2   3   4   5   6   7   8   9  10  11  12  13  14  
  1   2   1   2   1   1   1   1   1   1   1   1   1   1   1  
  #   a   #   y   #   b   #   a   #   b   #   t   #   u   #  
== 
[33mi: 5 [00m
                              p                              
  0   1   2   3   4   5   6   7   8   9  10  11  12  13  14  
  1   2   1   2   1   2   1   1   1   1   1   1   1   1   1  
  #   a   #   y   #   b   #   a   #   b   #   t   #   u   #  
== 
[33mi: 6 [00m
                              p                              
  0   1   2   3   4   5   6   7   8   9  10  11  12  13  14  
  1   2   1   2   1   2   1   1   1   1   1   1   1   1   1  
  #   a   #   y   #   b   #   a   #   b   #   t   #   u   #  
== 
[33mi: 7 [00m
                                              p              
  0   1   2   3   4   5   6   7   8   9  10  11  12  13  14  
  1   2   1   2   1   2   1   4   1   1   1   1   1   1   1  
  #   a   #   y   #   b   #   a   #   b   #   t   #   u   #  
== 
[33mi: 8 [00m
                                              p              
  0   1   2   3   4   5   6   7   8   9  10  11  12  13  14  
  1   2   1   2   1   2   1   4   1   1   1   1   1   1   1  
  #   a   #   y   #   b   #   a   #   b   #   t   #   u   #  
== 
[33mi: 9 [00m
                                              p              
  0   1   2   3   4   5   6   7   8   9  10  11  12  13  14  
  1   2   1   2   1   2   1   4   1   2   1   1   1   1   1  
  #   a   #   y   #   b   #   a   #   b   #   t   #   u   #  
== 
[33mi: 10 [00m
                                              p              
  0   1   2   3   4   5   6   7   8   9  10  11  12  13  14  
  1   2   1   2   1   2   1   4   1   2   1   1   1   1   1  
  #   a   #   y   #   b   #   a   #   b   #   t   #   u   #  
== 
[33mi: 11 [00m
                                                      p      
  0   1   2   3   4   5   6   7   8   9  10  11  12  13  14  
  1   2   1   2   1   2   1   4   1   2   1   2   1   1   1  
  #   a   #   y   #   b   #   a   #   b   #   t   #   u   #  
== 
[33mi: 12 [00m
                                                      p      
  0   1   2   3   4   5   6   7   8   9  10  11  12  13  14  
  1   2   1   2   1   2   1   4   1   2   1   2   1   1   1  
  #   a   #   y   #   b   #   a   #   b   #   t   #   u   #  
== 
[33mi: 13 [00m
                                                             
  0   1   2   3   4   5   6   7   8   9  10  11  12  13  14  
  1   2   1   2   1   2   1   4   1   2   1   2   1   2   1  
  #   a   #   y   #   b   #   a   #   b   #   t   #   u   #  
== 
[33mi: 14 [00m
                                                             
  0   1   2   3   4   5   6   7   8   9  10  11  12  13  14  
  1   2   1   2   1   2   1   4   1   2   1   2   1   2   1  
  #   a   #   y   #   b   #   a   #   b   #   t   #   u   #  
== 
  0   1   2   3   4   5   6   7   8   9  10  11  12  13  14  
  1   2   1   2   1   2   1   4   1   2   1   2   1   2   1  
  #   a   #   y   #   b   #   a   #   b   #   t   #   u   #  
bab 
