  *   0   1   2   3   4   5   6   7   8   9  10  11  12  13  14  15  16  17  18  19  20  
  0   0   0   0   0   0   0   0   0   0   0   0   0   0   0   0   0   0   0   0   0   2  
  1   2   3   5   9   7   3   5   9   7   3   5   9   7   3   5   9   7   3   5   9   3  
  2   3   4   6  10   8   4   6  10   8   4   6  10   8   4   6  10   8   4   6  10   4  
  3   4   5   7   1   9   5   7   1   9   5   7   1   9   5   7   1   9   5   7   1   5  
  4   5   6   8   2  10   6   8   2  10   6   8   2  10   6   8   2  10   6   8   2   6  
  5   6   7   9   3   1   7   9   3   1   7   9   3   1   7   9   3   1   7   9   3   7  
  6   7   8  10   4   2   8  10   4   2   8  10   4   2   8  10   4   2   8  10   4   8  
  7   8   9   1   5   3   9   1   5   3   9   1   5   3   9   1   5   3   9   1   5   9  
  8   9  10   2   6   4  10   2   6   4  10   2   6   4  10   2   6   4  10   2   6  10  
  9  10   1   3   7   5   1   3   7   5   1   3   7   5   1   3   7   5   1   3   7   1  
 10   1   2   4   8   6   2   4   8   6   2   4   8   6   2   4   8   6   2   4   8   0  
  0   0   0   0   0  
  1   1   0   1  10  
  2   1   0   2  10  
  3   1   0   3  10  
  4   1   0   4  10  
  5   1   0   5  10  
  6   1   0   6  10  
  7   1   0   7  10  
  8   1   0   8  10  
  9   1   0   9  10  
 10   1   0  10  10  
6 
2 
2 
3 
4 
2 
1 
1 
8 
4 
