. . Q . . . . . 
. . . . . Q . . 
. . _ Q . . . . 
. Q . . . . . . 
. . . . . . . Q 
. . . . Q _ _ . 
. . . _ . . Q . 
Q . . . . . . . 

==== 
. . Q . . . . . 
. . . . Q . . . 
. Q _ . . . . . 
. . . . . . . Q 
. . . . . Q . . 
. . . Q . _ _ . 
. . . _ . . Q . 
Q . . . . . . . 

==== 
. . . . Q . . . 
. Q . . . . . . 
. . _ Q . . . . 
. . . . . . Q . 
. . Q . . . . . 
. . . . . _ _ Q 
. . . _ . Q . . 
Q . . . . . . . 

==== 
. . . Q . . . . 
. Q . . . . . . 
. . _ . . . Q . 
. . Q . . . . . 
. . . . . Q . . 
. . . . . _ _ Q 
. . . _ Q . . . 
Q . . . . . . . 

==== 
. . . . . Q . . 
. . Q . . . . . 
. . _ . . . Q . 
. Q . . . . . . 
. . . . . . . Q 
. . . . Q _ _ . 
Q . . _ . . . . 
. . . Q . . . . 

==== 
. . . . . Q . . 
. . Q . . . . . 
. . _ . . . Q . 
. Q . . . . . . 
. . . Q . . . . 
. . . . . _ _ Q 
Q . . _ . . . . 
. . . . Q . . . 

==== 
. . Q . . . . . 
. . . . . . Q . 
. Q _ . . . . . 
. . . . . . . Q 
. . . . . Q . . 
. . . Q . _ _ . 
Q . . _ . . . . 
. . . . Q . . . 

==== 
. . . . Q . . . 
. Q . . . . . . 
. . _ Q . . . . 
. . . . . Q . . 
. . . . . . . Q 
. . Q . . _ _ . 
Q . . _ . . . . 
. . . . . . Q . 

==== 
. . . Q . . . . 
. Q . . . . . . 
. . _ . . . Q . 
. . Q . . . . . 
. . . . . Q . . 
. . . . . _ _ Q 
Q . . _ . . . . 
. . . . Q . . . 

==== 
. . . . Q . . . 
. . Q . . . . . 
. . _ . . . . Q 
. . . Q . . . . 
. . . . . . Q . 
Q . . . . _ _ . 
. . . _ . Q . . 
. Q . . . . . . 

==== 
. . . Q . . . . 
. . . . . Q . . 
. . _ . . . . Q 
. Q . . . . . . 
. . . . . . Q . 
Q . . . . _ _ . 
. . Q _ . . . . 
. . . . Q . . . 

==== 
. . . Q . . . . 
. . . . . . Q . 
. . _ . Q . . . 
. Q . . . . . . 
. . . . . Q . . 
Q . . . . _ _ . 
. . Q _ . . . . 
. . . . . . . Q 

==== 
. . . . . . Q . 
. . Q . . . . . 
. . _ . . . . Q 
. Q . . . . . . 
. . . . Q . . . 
Q . . . . _ _ . 
. . . _ . Q . . 
. . . Q . . . . 

==== 
. . Q . . . . . 
. . . . . Q . . 
. . _ . . . . Q 
. Q . . . . . . 
. . . Q . . . . 
Q . . . . _ _ . 
. . . _ . . Q . 
. . . . Q . . . 

==== 
. . . . Q . . . 
. . . . . . Q . 
. Q _ . . . . . 
. . . Q . . . . 
. . . . . . . Q 
Q . . . . _ _ . 
. . Q _ . . . . 
. . . . . Q . . 

==== 
. . . . . . Q . 
. . . Q . . . . 
. Q _ . . . . . 
. . . . . . . Q 
. . . . . Q . . 
Q . . . . _ _ . 
. . Q _ . . . . 
. . . . Q . . . 

==== 
. . . . . . Q . 
. . . Q . . . . 
. Q _ . . . . . 
. . . . Q . . . 
. . . . . . . Q 
Q . . . . _ _ . 
. . Q _ . . . . 
. . . . . Q . . 

==== 
. . . . Q . . . 
. . . . . . Q . 
. Q _ . . . . . 
. . . . . Q . . 
. . Q . . . . . 
Q . . . . _ _ . 
. . . _ . . . Q 
. . . Q . . . . 

==== 
. . Q . . . . . 
. . . . . Q . . 
. Q _ . . . . . 
. . . . . . Q . 
. . . . Q . . . 
Q . . . . _ _ . 
. . . _ . . . Q 
. . . Q . . . . 

==== 
. . Q . . . . . 
. . . . . Q . . 
. Q _ . . . . . 
. . . . Q . . . 
. . . . . . . Q 
Q . . . . _ _ . 
. . . _ . . Q . 
. . . Q . . . . 

==== 
. . . Q . . . . 
. Q . . . . . . 
. . _ . . . . Q 
. . . . Q . . . 
. . . . . . Q . 
Q . . . . _ _ . 
. . Q _ . . . . 
. . . . . Q . . 

==== 
. . . Q . . . . 
. Q . . . . . . 
. . _ . Q . . . 
. . . . . . . Q 
. . . . . Q . . 
Q . . . . _ _ . 
. . Q _ . . . . 
. . . . . . Q . 

==== 
. Q . . . . . . 
. . . Q . . . . 
. . _ . . Q . . 
. . . . . . . Q 
. . Q . . . . . 
Q . . . . _ _ . 
. . . _ . . Q . 
. . . . Q . . . 

==== 
. . . . . Q . . 
. . Q . . . . . 
. . _ . Q . . . 
. . . . . . . Q 
Q . . . . . . . 
. . . Q . _ _ . 
. Q . _ . . . . 
. . . . . . Q . 

==== 
. . . . . Q . . 
. . Q . . . . . 
. . _ . Q . . . 
. . . . . . Q . 
Q . . . . . . . 
. . . Q . _ _ . 
. Q . _ . . . . 
. . . . . . . Q 

==== 
. . . . . Q . . 
. . Q . . . . . 
. . _ . . . Q . 
. . . Q . . . . 
Q . . . . . . . 
. . . . . _ _ Q 
. Q . _ . . . . 
. . . . Q . . . 

==== 
. . Q . . . . . 
. . . . . Q . . 
. Q _ . . . . . 
. . . . . . Q . 
Q . . . . . . . 
. . . Q . _ _ . 
. . . _ . . . Q 
. . . . Q . . . 

==== 
. . . Q . . . . 
. Q . . . . . . 
. . _ . . . Q . 
. . . . Q . . . 
Q . . . . . . . 
. . . . . _ _ Q 
. . . _ . Q . . 
. . Q . . . . . 

==== 
. . . Q . . . . 
. Q . . . . . . 
. . _ . . . . Q 
. . . . . Q . . 
Q . . . . . . . 
. . Q . . _ _ . 
. . . _ Q . . . 
. . . . . . Q . 

==== 
. . . . . . Q . 
. Q . . . . . . 
. . _ . . Q . . 
. . Q . . . . . 
Q . . . . . . . 
. . . Q . _ _ . 
. . . _ . . . Q 
. . . . Q . . . 

==== 
. Q . . . . . . 
. . . . . . Q . 
. . _ . Q . . . 
. . . . . . . Q 
Q . . . . . . . 
. . . Q . _ _ . 
. . . _ . Q . . 
. . Q . . . . . 

==== 
. Q . . . . . . 
. . . . Q . . . 
. . _ . . . Q . 
. . . Q . . . . 
Q . . . . . . . 
. . . . . _ _ Q 
. . . _ . Q . . 
. . Q . . . . . 

==== 
. Q . . . . . . 
. . . . . Q . . 
. . _ . . . . Q 
. . Q . . . . . 
Q . . . . . . . 
. . . Q . _ _ . 
. . . _ . . Q . 
. . . . Q . . . 

==== 
. . . . Q . . . 
. . . . . . Q . 
. . _ Q . . . . 
Q . . . . . . . 
. . Q . . . . . 
. . . . . _ _ Q 
. . . _ . Q . . 
. Q . . . . . . 

==== 
. . Q . . . . . 
. . . . . Q . . 
. . _ Q . . . . 
Q . . . . . . . 
. . . . . . . Q 
. . . . Q _ _ . 
. . . _ . . Q . 
. Q . . . . . . 

==== 
. . . . . Q . . 
. . . Q . . . . 
. . _ . . . Q . 
Q . . . . . . . 
. . Q . . . . . 
. . . . Q _ _ . 
. Q . _ . . . . 
. . . . . . . Q 

==== 
. . . . Q . . . 
. . . . . . . Q 
. . _ Q . . . . 
Q . . . . . . . 
. . . . . . Q . 
. Q . . . _ _ . 
. . . _ . Q . . 
. . Q . . . . . 

==== 
. . . . . Q . . 
. . . Q . . . . 
. . _ . . . Q . 
Q . . . . . . . 
. . . . . . . Q 
. Q . . . _ _ . 
. . . _ Q . . . 
. . Q . . . . . 

==== 
. . Q . . . . . 
. . . . Q . . . 
. . _ . . . Q . 
Q . . . . . . . 
. . . Q . . . . 
. Q . . . _ _ . 
. . . _ . . . Q 
. . . . . Q . . 

==== 
. . . . Q . . . 
. Q . . . . . . 
. . _ . . Q . . 
Q . . . . . . . 
. . . . . . Q . 
. . . Q . _ _ . 
. . . _ . . . Q 
. . Q . . . . . 

==== 
. . . . . Q . . 
. Q . . . . . . 
. . _ . . . Q . 
Q . . . . . . . 
. . . Q . . . . 
. . . . . _ _ Q 
. . . _ Q . . . 
. . Q . . . . . 

==== 
. . . . . . . Q 
. Q . . . . . . 
. . _ Q . . . . 
Q . . . . . . . 
. . . . . . Q . 
. . . . Q _ _ . 
. . Q _ . . . . 
. . . . . Q . . 

==== 
. . . . . . Q . 
. Q . . . . . . 
. . _ Q . . . . 
Q . . . . . . . 
. . . . . . . Q 
. . . . Q _ _ . 
. . Q _ . . . . 
. . . . . Q . . 

==== 
. . . . . Q . . 
. Q . . . . . . 
. . _ . . . Q . 
Q . . . . . . . 
. . Q . . . . . 
. . . . Q _ _ . 
. . . _ . . . Q 
. . . Q . . . . 

==== 
. Q . . . . . . 
. . . . . . . Q 
. . _ . . Q . . 
Q . . . . . . . 
. . Q . . . . . 
. . . . Q _ _ . 
. . . _ . . Q . 
. . . Q . . . . 

==== 
. Q . . . . . . 
. . . . Q . . . 
. . _ . . . Q . 
Q . . . . . . . 
. . Q . . . . . 
. . . . . _ _ Q 
. . . _ . Q . . 
. . . Q . . . . 

==== 
. . . . . . Q . 
. . Q . . . . . 
Q . _ . . . . . 
. . . . . Q . . 
. . . . . . . Q 
. . . . Q _ _ . 
. Q . _ . . . . 
. . . Q . . . . 

==== 
. . . . . Q . . 
. . Q . . . . . 
Q . _ . . . . . 
. . . . . . Q . 
. . . . Q . . . 
. . . . . _ _ Q 
. Q . _ . . . . 
. . . Q . . . . 

==== 
. . . . . Q . . 
. . . Q . . . . 
Q . _ . . . . . 
. . . . Q . . . 
. . . . . . . Q 
. Q . . . _ _ . 
. . . _ . . Q . 
. . Q . . . . . 

==== 
. . . Q . . . . 
. . . . . . Q . 
Q . _ . . . . . 
. . . . . . . Q 
. . . . Q . . . 
. Q . . . _ _ . 
. . . _ . Q . . 
. . Q . . . . . 

==== 
. . . Q . . . . 
. . . . . . . Q 
Q . _ . . . . . 
. . . . Q . . . 
. . . . . . Q . 
. Q . . . _ _ . 
. . . _ . Q . . 
. . Q . . . . . 

==== 
. . . . . . . Q 
. . . Q . . . . 
Q . _ . . . . . 
. . Q . . . . . 
. . . . . Q . . 
. Q . . . _ _ . 
. . . _ . . Q . 
. . . . Q . . . 

==== 
. . . Q . . . . 
. . . . . . . Q 
Q . _ . . . . . 
. . Q . . . . . 
. . . . . Q . . 
. Q . . . _ _ . 
. . . _ . . Q . 
. . . . Q . . . 

==== 
. . . . . Q . . 
. . Q . . . . . 
Q . _ . . . . . 
. . . . . . . Q 
. . . Q . . . . 
. Q . . . _ _ . 
. . . _ . . Q . 
. . . . Q . . . 

==== 
. . . . Q . . . 
. . . . . . Q . 
Q . _ . . . . . 
. . . Q . . . . 
. Q . . . . . . 
. . . . . _ _ Q 
. . . _ . Q . . 
. . Q . . . . . 

==== 
. . . Q . . . . 
. . . . . Q . . 
Q . _ . . . . . 
. . . . Q . . . 
. Q . . . . . . 
. . . . . _ _ Q 
. . Q _ . . . . 
. . . . . . Q . 

==== 
. . . . . . . Q 
. . Q . . . . . 
Q . _ . . . . . 
. . . . . Q . . 
. Q . . . . . . 
. . . . Q _ _ . 
. . . _ . . Q . 
. . . Q . . . . 

==== 
. . . . Q . . . 
. . Q . . . . . 
Q . _ . . . . . 
. . . . . . Q . 
. Q . . . . . . 
. . . . . _ _ Q 
. . . _ . Q . . 
. . . Q . . . . 

==== 
. Q . . . . . . 
. . . . . Q . . 
Q . _ . . . . . 
. . . . . . Q . 
. . . Q . . . . 
. . . . . _ _ Q 
. . Q _ . . . . 
. . . . Q . . . 

==== 
. . . Q . . . . 
Q . . . . . . . 
. . _ . Q . . . 
. . . . . . . Q 
. . . . . Q . . 
. . Q . . _ _ . 
. . . _ . . Q . 
. Q . . . . . . 

==== 
. . . . Q . . . 
Q . . . . . . . 
. . _ Q . . . . 
. . . . . Q . . 
. . . . . . . Q 
. Q . . . _ _ . 
. . . _ . . Q . 
. . Q . . . . . 

==== 
. . . . . Q . . 
Q . . . . . . . 
. . _ . Q . . . 
. Q . . . . . . 
. . . . . . . Q 
. . Q . . _ _ . 
. . . _ . . Q . 
. . . Q . . . . 

==== 
Q . . . . . . . 
. . . . . Q . . 
. . _ . . . . Q 
. . Q . . . . . 
. . . . . . Q . 
. . . Q . _ _ . 
. Q . _ . . . . 
. . . . Q . . . 

==== 
Q . . . . . . . 
. . . . . . Q . 
. . _ Q . . . . 
. . . . . Q . . 
. . . . . . . Q 
. Q . . . _ _ . 
. . . _ Q . . . 
. . Q . . . . . 

==== 
Q . . . . . . . 
. . . . . . Q . 
. . _ . Q . . . 
. . . . . . . Q 
. Q . . . . . . 
. . . Q . _ _ . 
. . . _ . Q . . 
. . Q . . . . . 

==== 
65 
