[33mi+1, x^1, y: 1 1 2 [00m
[33mi+1, y^1, x: 1 3 0 [00m
[33mi+1, x^1, y: 2 0 4 [00m
[33mi+1, y^1, x: 2 5 1 [00m
[33mi+1, x^1, y: 3 7 3 [00m
[33mi+1, y^1, x: 3 2 6 [00m
[33mu, vis[u]: 9 0 [00m
[33mu, vis[u]: 8 0 [00m
[33mu, vis[u]: 6 0 [00m
[33mu, vis[u]: 4 0 [00m
[33mu, vis[u]: 2 0 [00m
[33mu, vis[u]: 1 0 [00m
[33mu, vis[u]: 5 0 [00m
[33mu, vis[u]: 0 0 [00m
[33mu, vis[u]: 3 0 [00m
[33mu, vis[u]: 7 0 [00m
[33mi+1, 2*i, 2*i+1, scc[2*i], scc[2*i+1]: 1 0 1 8 6 [00m
[33mi+1, 2*i, 2*i+1, scc[2*i], scc[2*i+1]: 2 2 3 5 9 [00m
[33mi+1, 2*i, 2*i+1, scc[2*i], scc[2*i+1]: 3 4 5 4 7 [00m
[33mi+1, 2*i, 2*i+1, scc[2*i], scc[2*i+1]: 4 6 7 3 10 [00m
[33mi+1, 2*i, 2*i+1, scc[2*i], scc[2*i+1]: 5 8 9 2 1 [00m
- + + + -  
