0 0 0 0 0 0 
[33mpos, type, idx, cur: 0 -1 0 -1 [00m
[33ma[cur], last[a[cur]], cur: 2 -1 0 [00m
1 0 0 0 0 0 
[33midx, queries[idx].fi, queries[idx].se, ans[idx]: 0 0 2 0 [00m
[33mpos, type, idx, cur: 0 -1 2 0 [00m
1 0 0 0 0 0 
[33midx, queries[idx].fi, queries[idx].se, ans[idx]: 2 0 4 0 [00m
[33mpos, type, idx, cur: 1 -1 1 0 [00m
[33ma[cur], last[a[cur]], cur: 1 -1 1 [00m
1 1 0 0 0 0 
[33midx, queries[idx].fi, queries[idx].se, ans[idx]: 1 1 3 0 [00m
[33mpos, type, idx, cur: 2 1 0 1 [00m
[33ma[cur], last[a[cur]], cur: 2 0 2 [00m
0 1 1 0 0 0 
[33midx, queries[idx].fi, queries[idx].se, ans[idx]: 0 0 2 2 [00m
[33mpos, type, idx, cur: 3 1 1 2 [00m
[33ma[cur], last[a[cur]], cur: 0 -1 3 [00m
0 1 1 1 0 0 
[33midx, queries[idx].fi, queries[idx].se, ans[idx]: 1 1 3 3 [00m
[33mpos, type, idx, cur: 4 1 2 3 [00m
[33ma[cur], last[a[cur]], cur: 1 1 4 [00m
0 0 1 1 1 -1 
[33midx, queries[idx].fi, queries[idx].se, ans[idx]: 2 0 4 3 [00m
2 
3 
3 
