6 0 -1 0 0 $ 
5 1 6 0 0 a$ 
4 2 5 1 1 aa$ 
1 3 4 2 2 aabaa$ 
2 4 1 1 1 abaa$ 
3 5 2 0 0 baa$ 
0 6 3 3 3 baabaa$ 
[33mm, n: 7 8 [00m
[33mi, res: 1 a [00m
[33mi, res: 2 a [00m
[33mi, res: 3 a [00m
[33mi, res: 4 a [00m
[33mi, res: 5 aa [00m
[33mi, res: 6 aa [00m
[33mi, res: 7 aab [00m
[33mi, res: 8 aaba [00m
[33mi, res: 9 aabaa [00m
[33mi, res: 10 ab [00m
[33mi, res: 11 aba [00m
[33mi, res: 12 abaa [00m
[33mi, res: 13 b [00m
[33mi, res: 14 b [00m
[33mi, res: 15 ba [00m
[33mi, res: 16 ba [00m
[33mi, res: 17 baa [00m
[33mi, res: 18 baa [00m
[33mi, res: 19 baab [00m
[33mi, res: 20 baaba [00m
[33mi, res: 21 baabaa [00m
[33mans: ab [00m
ab 
