[33mN: 16 [00m
[33mi, 2*i, 2*i+1, seg.sz: 8 16 17 32 [00m
[33mi, 2*i, 2*i+1, seg.sz: 4 8 9 32 [00m
[33mi, 2*i, 2*i+1, seg.sz: 2 4 5 32 [00m
[33mi, 2*i, 2*i+1, seg.sz: 1 2 3 32 [00m
[33mseg[1].fi, seg[1].se: 1 1 [00m
[33mi, 2*i, 2*i+1, seg.sz: 8 16 17 32 [00m
[33mi, 2*i, 2*i+1, seg.sz: 4 8 9 32 [00m
[33mi, 2*i, 2*i+1, seg.sz: 2 4 5 32 [00m
[33mi, 2*i, 2*i+1, seg.sz: 1 2 3 32 [00m
[33mseg[1].fi, seg[1].se: 3 3 [00m
[33mi, 2*i, 2*i+1, seg.sz: 9 18 19 32 [00m
[33mi, 2*i, 2*i+1, seg.sz: 4 8 9 32 [00m
[33mi, 2*i, 2*i+1, seg.sz: 2 4 5 32 [00m
[33mi, 2*i, 2*i+1, seg.sz: 1 2 3 32 [00m
[33mseg[1].fi, seg[1].se: 2 3 [00m
[33mi, 2*i, 2*i+1, seg.sz: 9 18 19 32 [00m
[33mi, 2*i, 2*i+1, seg.sz: 4 8 9 32 [00m
[33mi, 2*i, 2*i+1, seg.sz: 2 4 5 32 [00m
[33mi, 2*i, 2*i+1, seg.sz: 1 2 3 32 [00m
[33mseg[1].fi, seg[1].se: 5 5 [00m
[33mi, 2*i, 2*i+1, seg.sz: 10 20 21 32 [00m
[33mi, 2*i, 2*i+1, seg.sz: 5 10 11 32 [00m
[33mi, 2*i, 2*i+1, seg.sz: 2 4 5 32 [00m
[33mi, 2*i, 2*i+1, seg.sz: 1 2 3 32 [00m
[33mseg[1].fi, seg[1].se: 6 6 [00m
[33mi, 2*i, 2*i+1, seg.sz: 10 20 21 32 [00m
[33mi, 2*i, 2*i+1, seg.sz: 5 10 11 32 [00m
[33mi, 2*i, 2*i+1, seg.sz: 2 4 5 32 [00m
[33mi, 2*i, 2*i+1, seg.sz: 1 2 3 32 [00m
[33mseg[1].fi, seg[1].se: 1 6 [00m
[33mi, 2*i, 2*i+1, seg.sz: 11 22 23 32 [00m
[33mi, 2*i, 2*i+1, seg.sz: 5 10 11 32 [00m
[33mi, 2*i, 2*i+1, seg.sz: 2 4 5 32 [00m
[33mi, 2*i, 2*i+1, seg.sz: 1 2 3 32 [00m
[33mseg[1].fi, seg[1].se: 2 6 [00m
[33mi, 2*i, 2*i+1, seg.sz: 11 22 23 32 [00m
[33mi, 2*i, 2*i+1, seg.sz: 5 10 11 32 [00m
[33mi, 2*i, 2*i+1, seg.sz: 2 4 5 32 [00m
[33mi, 2*i, 2*i+1, seg.sz: 1 2 3 32 [00m
[33mseg[1].fi, seg[1].se: 6 6 [00m
[33m"querying", x-1, y-1: querying 1 5 [00m
[33mi, l, r, a, b: 1 0 15 1 5 [00m
[33mi, l, r, a, b: 2 0 7 1 5 [00m
[33mi, l, r, a, b: 4 0 3 1 5 [00m
[33mi, l, r, a, b: 8 0 1 1 5 [00m
[33mi, l, r, a, b: 16 0 0 1 5 [00m
[33mi, l, r, a, b: 17 1 1 1 5 [00m
[33mi, l, r, a, b: 9 2 3 1 5 [00m
[33mtotal, best: 4 4 [00m
[33mi, l, r, a, b: 5 4 7 1 5 [00m
[33mi, l, r, a, b: 10 4 5 1 5 [00m
[33mi, l, r, a, b: 11 6 7 1 5 [00m
[33mtotal, best: 0 5 [00m
[33mi, l, r, a, b: 3 8 15 1 5 [00m
5 
[33m"updating", x-1, y: updating 3 -2 [00m
[33mi, 2*i, 2*i+1, seg.sz: 9 18 19 32 [00m
[33mi, 2*i, 2*i+1, seg.sz: 4 8 9 32 [00m
[33mi, 2*i, 2*i+1, seg.sz: 2 4 5 32 [00m
[33mi, 2*i, 2*i+1, seg.sz: 1 2 3 32 [00m
[33mseg[1].fi, seg[1].se: 1 3 [00m
 
[ 0 ,  0 ]  
[ 1 ,  3 ]  
[ 1 ,  3 ] [ 0 ,  0 ]  
[ 0 ,  3 ] [ 1 ,  1 ] [ 0 ,  0 ] [ 0 ,  0 ]  
[ 3 ,  3 ] [ -3 ,  -1 ] [ -4 ,  1 ] [ 5 ,  5 ] [ 0 ,  0 ] [ 0 ,  0 ] [ 0 ,  0 ] [ 0 ,  0 ]  
[ 1 ,  1 ] [ 2 ,  2 ] [ -1 ,  -1 ] [ -2 ,  -2 ] [ 1 ,  1 ] [ -5 ,  -5 ] [ 1 ,  1 ] [ 4 ,  4 ] [ 0 ,  0 ] [ 0 ,  0 ] [ 0 ,  0 ] [ 0 ,  0 ] [ 0 ,  0 ] [ 0 ,  0 ] [ 0 ,  0 ] [ 0 ,  0 ]  
[33m"querying", x-1, y-1: querying 1 5 [00m
[33mi, l, r, a, b: 1 0 15 1 5 [00m
[33mi, l, r, a, b: 2 0 7 1 5 [00m
[33mi, l, r, a, b: 4 0 3 1 5 [00m
[33mi, l, r, a, b: 8 0 1 1 5 [00m
[33mi, l, r, a, b: 16 0 0 1 5 [00m
[33mi, l, r, a, b: 17 1 1 1 5 [00m
[33mi, l, r, a, b: 9 2 3 1 5 [00m
[33mtotal, best: -1 2 [00m
[33mi, l, r, a, b: 5 4 7 1 5 [00m
[33mi, l, r, a, b: 10 4 5 1 5 [00m
[33mi, l, r, a, b: 11 6 7 1 5 [00m
[33mtotal, best: -5 2 [00m
[33mi, l, r, a, b: 3 8 15 1 5 [00m
2 
[33m"querying", x-1, y-1: querying 2 3 [00m
[33mi, l, r, a, b: 1 0 15 2 3 [00m
[33mi, l, r, a, b: 2 0 7 2 3 [00m
[33mi, l, r, a, b: 4 0 3 2 3 [00m
[33mi, l, r, a, b: 8 0 1 2 3 [00m
[33mi, l, r, a, b: 9 2 3 2 3 [00m
[33mi, l, r, a, b: 5 4 7 2 3 [00m
[33mi, l, r, a, b: 3 8 15 2 3 [00m
0 
