
[1000000000, 1000000000] 
[0, 5] 
[2, 2] [0, 5] 
[5, 1] [2, 2] [0, 5] [1000000000, 1000000000] 
[8, 0] [5, 1] [2, 2] [2, 3] [3, 4] [0, 5] [1000000000, 1000000000] [1000000000, 1000000000] 

[1000000000, 1000000000] 
[6, 2] 
[6, 2] [10, 5] 
[7, 1] [6, 2] [10, 5] [1000000000, 1000000000] 
[8, 0] [7, 1] [6, 2] [8, 3] [11, 4] [10, 5] [1000000000, 1000000000] [1000000000, 1000000000] 
[33mc, x: 2 2 [00m
[33mleft.fi, left.se, right.fi, right.se: 5 1 6 2 [00m
5 
[33mc, x: 1 5 [00m

[1000000000, 1000000000] 
[-3, 4] 
[2, 2] [-3, 4] 
[5, 1] [2, 2] [-3, 4] [1000000000, 1000000000] 
[8, 0] [5, 1] [2, 2] [2, 3] [-3, 4] [0, 5] [1000000000, 1000000000] [1000000000, 1000000000] 

[1000000000, 1000000000] 
[5, 4] 
[6, 2] [5, 4] 
[7, 1] [6, 2] [5, 4] [1000000000, 1000000000] 
[8, 0] [7, 1] [6, 2] [8, 3] [5, 4] [10, 5] [1000000000, 1000000000] [1000000000, 1000000000] 
[33mc, x: 2 2 [00m
[33mleft.fi, left.se, right.fi, right.se: 5 1 5 4 [00m
4 
